[2024-12-12 18:36:06] INFO: Incoming Request: POST /api/v1/category
[2024-12-12 18:36:43] INFO: Incoming Request: POST /api/v1/product
[2024-12-12 18:36:43] ERROR: Error occurred(500): 
Invalid `prisma.product.create()` invocation:

{
  data: {
    titleEN: "string",
    titleAZ: "string",
    descEN: "string",
    descAZ: "string",
    price: 0,
    image: "/products/1734014203624-716015675-shoomla.png",
    gram: "string",
    isCombo: true,
    ingridientsAZ: "string,string",
                   ~~~~~~~~~~~~~~~
    ingridientsEN: "string,string",
    subCategoryId: 17
  }
}

Argument `ingridientsAZ`: Invalid value provided. Expected ProductCreateingridientsAZInput or String[], provided String.
[2024-12-12 19:18:12] INFO: Incoming Request: GET /
[2024-12-12 19:18:12] ERROR: Error occurred(404): Not found - /
[2024-12-12 20:56:03] INFO: Incoming Request: GET /api/docs/
[2024-12-12 20:56:03] INFO: Incoming Request: GET /api/docs/swagger-ui.css
[2024-12-12 20:56:03] INFO: Incoming Request: GET /api/docs/swagger-ui-bundle.js
[2024-12-12 20:56:03] INFO: Incoming Request: GET /api/docs/swagger-ui-standalone-preset.js
[2024-12-12 20:56:03] INFO: Incoming Request: GET /api/docs/swagger-ui-init.js
[2024-12-12 20:56:04] INFO: Incoming Request: GET /api/docs/favicon-32x32.png
[2024-12-12 20:56:23] INFO: Incoming Request: POST /api/v1/auth/login
[2024-12-12 20:56:23] ERROR: Error occurred(401): Invalid credentials
[2024-12-12 20:56:31] INFO: Incoming Request: POST /api/v1/auth/login
[2024-12-12 20:56:45] INFO: Incoming Request: GET /api/v1/product
[2024-12-12 20:56:45] INFO: Fetching all products
[2024-12-12 20:56:45] INFO: Successfully fetched products
[2024-12-12 23:15:05] INFO: Incoming Request: GET /api/docs/
[2024-12-12 23:15:05] INFO: Incoming Request: GET /api/docs/swagger-ui.css
[2024-12-12 23:15:05] INFO: Incoming Request: GET /api/docs/swagger-ui-bundle.js
[2024-12-12 23:15:05] INFO: Incoming Request: GET /api/docs/swagger-ui-standalone-preset.js
[2024-12-12 23:15:05] INFO: Incoming Request: GET /api/docs/swagger-ui-init.js
[2024-12-12 23:15:43] INFO: Incoming Request: GET /api/docs/
[2024-12-12 23:15:43] INFO: Incoming Request: GET /api/docs/swagger-ui.css
[2024-12-12 23:15:43] INFO: Incoming Request: GET /api/docs/swagger-ui-bundle.js
[2024-12-12 23:15:43] INFO: Incoming Request: GET /api/docs/swagger-ui-standalone-preset.js
[2024-12-12 23:15:43] INFO: Incoming Request: GET /api/docs/swagger-ui-init.js
[2024-12-12 23:15:48] INFO: Incoming Request: GET /api/docs/favicon-32x32.png
[2024-12-13 02:16:29] INFO: Incoming Request: GET /api/docs
[2024-12-13 02:16:29] INFO: Incoming Request: GET /api/docs/
[2024-12-13 02:16:29] INFO: Incoming Request: GET /api/docs/swagger-ui.css
[2024-12-13 02:16:29] INFO: Incoming Request: GET /api/docs/swagger-ui-bundle.js
[2024-12-13 02:16:29] INFO: Incoming Request: GET /api/docs/swagger-ui-standalone-preset.js
[2024-12-13 02:16:29] INFO: Incoming Request: GET /api/docs/swagger-ui-init.js
[2024-12-13 02:16:48] INFO: Incoming Request: POST /api/v1/auth/signup
[2024-12-13 02:16:48] ERROR: Error occurred(400): This user already exists
[2024-12-13 02:20:56] INFO: Incoming Request: POST /api/v1/auth/signup
[2024-12-13 02:20:56] ERROR: Error occurred(400): This user already exists
[2024-12-13 02:20:58] INFO: Incoming Request: POST /api/v1/auth/signup
[2024-12-13 02:20:58] ERROR: Error occurred(400): This user already exists
[2024-12-13 02:23:18] INFO: Incoming Request: GET /api/v1/category
[2024-12-13 02:23:18] ERROR: Error occurred(401): Access denied. No token provided
[2024-12-13 02:23:35] INFO: Incoming Request: POST /api/v1/auth/login
[2024-12-13 02:23:35] ERROR: Error occurred(401): Invalid credentials
[2024-12-13 02:23:46] INFO: Incoming Request: POST /api/v1/auth/login
[2024-12-13 02:23:46] ERROR: Error occurred(401): Invalid credentials
[2024-12-13 02:23:59] INFO: Incoming Request: POST /api/v1/auth/signup
[2024-12-13 02:23:59] ERROR: Error occurred(400): This user already exists
[2024-12-13 09:48:10] INFO: Incoming Request: GET /api/docs/
[2024-12-13 09:48:11] INFO: Incoming Request: GET /api/docs/swagger-ui.css
[2024-12-13 09:48:11] INFO: Incoming Request: GET /api/docs/swagger-ui-bundle.js
[2024-12-13 09:48:11] INFO: Incoming Request: GET /api/docs/swagger-ui-standalone-preset.js
[2024-12-13 09:48:11] INFO: Incoming Request: GET /api/docs/swagger-ui-init.js
[2024-12-13 09:48:37] INFO: Incoming Request: POST /api/v1/auth/login
[2024-12-13 09:48:37] ERROR: Error occurred(undefined): logger is not defined
[2024-12-13 09:48:53] INFO: Incoming Request: POST /api/v1/auth/login
[2024-12-13 09:48:53] INFO: Attempt to login user
[2024-12-13 09:48:54] INFO: User logged in successfully
[2024-12-13 10:14:49] INFO: Incoming Request: GET /api/docs/
[2024-12-13 10:14:49] INFO: Incoming Request: GET /api/docs/swagger-ui.css
[2024-12-13 10:14:49] INFO: Incoming Request: GET /api/docs/swagger-ui-bundle.js
[2024-12-13 10:14:49] INFO: Incoming Request: GET /api/docs/swagger-ui-standalone-preset.js
[2024-12-13 10:14:49] INFO: Incoming Request: GET /api/docs/swagger-ui-init.js
[2024-12-13 10:14:50] INFO: Incoming Request: GET /api/docs/favicon-32x32.png
[2024-12-13 10:15:05] INFO: Incoming Request: GET /api/v1/category
[2024-12-13 10:15:05] INFO: Fetching all categories
[2024-12-13 10:15:10] ERROR: Error fetching categories
[2024-12-13 10:15:10] ERROR: Error occurred(500): 
Invalid `prisma.category.findMany()` invocation:


Can't reach database server at `164.92.190.92:5432`

Please make sure your database server is running at `164.92.190.92:5432`.
[2024-12-13 10:22:25] INFO: Incoming Request: GET /api/docs/
[2024-12-13 10:22:25] INFO: Incoming Request: GET /api/docs/swagger-ui.css
[2024-12-13 10:22:25] INFO: Incoming Request: GET /api/docs/swagger-ui-bundle.js
[2024-12-13 10:22:25] INFO: Incoming Request: GET /api/docs/swagger-ui-standalone-preset.js
[2024-12-13 10:22:25] INFO: Incoming Request: GET /api/docs/swagger-ui-init.js
[2024-12-13 10:22:30] INFO: Incoming Request: GET /api/v1/category
[2024-12-13 10:22:30] INFO: Fetching all categories
[2024-12-13 10:22:30] INFO: Successfully fetched categories
